[0.125s] DEBUG:colcon:Command line arguments: ['/usr/bin/colcon', 'build', '--symlink-install']
[0.125s] DEBUG:colcon:Parsed command line arguments: Namespace(log_base=None, log_level=None, verb_name='build', build_base='build', install_base='install', merge_install=False, symlink_install=True, test_result_base=None, continue_on_error=False, executor='parallel', parallel_workers=8, event_handlers=None, ignore_user_meta=False, metas=['./colcon.meta'], base_paths=['.'], packages_ignore=None, packages_ignore_regex=None, paths=None, packages_up_to=None, packages_up_to_regex=None, packages_above=None, packages_above_and_dependencies=None, packages_above_depth=None, packages_select_by_dep=None, packages_skip_by_dep=None, packages_skip_up_to=None, packages_select_build_failed=False, packages_skip_build_finished=False, packages_select_test_failures=False, packages_skip_test_passed=False, packages_select=None, packages_skip=None, packages_select_regex=None, packages_skip_regex=None, packages_start=None, packages_end=None, allow_overriding=[], cmake_args=None, cmake_target=None, cmake_target_skip_unavailable=False, cmake_clean_cache=False, cmake_clean_first=False, cmake_force_configure=False, ament_cmake_args=None, catkin_cmake_args=None, catkin_skip_building_tests=False, mixin_files=None, mixin=None, verb_parser=<colcon_mixin.mixin.mixin_argument.MixinArgumentDecorator object at 0x75fc6af39990>, verb_extension=<colcon_core.verb.build.BuildVerb object at 0x75fc6af393c0>, main=<bound method BuildVerb.main of <colcon_core.verb.build.BuildVerb object at 0x75fc6af393c0>>, mixin_verb=('build',))
[0.352s] Level 1:colcon.colcon_core.package_discovery:discover_packages(colcon_meta) check parameters
[0.352s] Level 1:colcon.colcon_core.package_discovery:discover_packages(recursive) check parameters
[0.352s] Level 1:colcon.colcon_core.package_discovery:discover_packages(ignore) check parameters
[0.352s] Level 1:colcon.colcon_core.package_discovery:discover_packages(path) check parameters
[0.352s] Level 1:colcon.colcon_core.package_discovery:discover_packages(colcon_meta) discover
[0.352s] Level 1:colcon.colcon_core.package_discovery:discover_packages(recursive) discover
[0.352s] INFO:colcon.colcon_core.package_discovery:Crawling recursively for packages in '/home/marcel/ros2_ws/src/safety_controller'
[0.352s] Level 1:colcon.colcon_core.package_identification:_identify(.) by extensions ['ignore', 'ignore_ament_install']
[0.352s] Level 1:colcon.colcon_core.package_identification:_identify(.) by extension 'ignore'
[0.352s] Level 1:colcon.colcon_core.package_identification:_identify(.) by extension 'ignore_ament_install'
[0.353s] Level 1:colcon.colcon_core.package_identification:_identify(.) by extensions ['colcon_pkg']
[0.353s] Level 1:colcon.colcon_core.package_identification:_identify(.) by extension 'colcon_pkg'
[0.353s] Level 1:colcon.colcon_core.package_identification:_identify(.) by extensions ['colcon_meta']
[0.353s] Level 1:colcon.colcon_core.package_identification:_identify(.) by extension 'colcon_meta'
[0.353s] Level 1:colcon.colcon_core.package_identification:_identify(.) by extensions ['ros']
[0.353s] Level 1:colcon.colcon_core.package_identification:_identify(.) by extension 'ros'
[0.378s] DEBUG:colcon.colcon_core.package_identification:Package '.' with type 'ros.ament_python' and name 'safety_controller'
[0.378s] Level 1:colcon.colcon_core.package_discovery:discover_packages(recursive) using defaults
[0.378s] Level 1:colcon.colcon_core.package_discovery:discover_packages(ignore) discover
[0.378s] Level 1:colcon.colcon_core.package_discovery:discover_packages(ignore) using defaults
[0.378s] Level 1:colcon.colcon_core.package_discovery:discover_packages(path) discover
[0.378s] Level 1:colcon.colcon_core.package_discovery:discover_packages(path) using defaults
[0.403s] Level 1:colcon.colcon_core.package_discovery:discover_packages(prefix_path) check parameters
[0.403s] Level 1:colcon.colcon_core.package_discovery:discover_packages(prefix_path) discover
[0.406s] DEBUG:colcon.colcon_installed_package_information.package_discovery:Found 14 installed packages in /home/marcel/ros2_ws/install
[0.407s] DEBUG:colcon.colcon_installed_package_information.package_discovery:Found 291 installed packages in /opt/ros/humble
[0.409s] Level 1:colcon.colcon_core.package_discovery:discover_packages(prefix_path) using defaults
[0.453s] Level 5:colcon.colcon_core.verb:set package 'safety_controller' build argument 'cmake_args' from command line to 'None'
[0.453s] Level 5:colcon.colcon_core.verb:set package 'safety_controller' build argument 'cmake_target' from command line to 'None'
[0.453s] Level 5:colcon.colcon_core.verb:set package 'safety_controller' build argument 'cmake_target_skip_unavailable' from command line to 'False'
[0.453s] Level 5:colcon.colcon_core.verb:set package 'safety_controller' build argument 'cmake_clean_cache' from command line to 'False'
[0.453s] Level 5:colcon.colcon_core.verb:set package 'safety_controller' build argument 'cmake_clean_first' from command line to 'False'
[0.453s] Level 5:colcon.colcon_core.verb:set package 'safety_controller' build argument 'cmake_force_configure' from command line to 'False'
[0.453s] Level 5:colcon.colcon_core.verb:set package 'safety_controller' build argument 'ament_cmake_args' from command line to 'None'
[0.453s] Level 5:colcon.colcon_core.verb:set package 'safety_controller' build argument 'catkin_cmake_args' from command line to 'None'
[0.453s] Level 5:colcon.colcon_core.verb:set package 'safety_controller' build argument 'catkin_skip_building_tests' from command line to 'False'
[0.453s] DEBUG:colcon.colcon_core.verb:Building package 'safety_controller' with the following arguments: {'ament_cmake_args': None, 'build_base': '/home/marcel/ros2_ws/src/safety_controller/build/safety_controller', 'catkin_cmake_args': None, 'catkin_skip_building_tests': False, 'cmake_args': None, 'cmake_clean_cache': False, 'cmake_clean_first': False, 'cmake_force_configure': False, 'cmake_target': None, 'cmake_target_skip_unavailable': False, 'install_base': '/home/marcel/ros2_ws/src/safety_controller/install/safety_controller', 'merge_install': False, 'path': '/home/marcel/ros2_ws/src/safety_controller', 'symlink_install': True, 'test_result_base': None}
[0.453s] INFO:colcon.colcon_core.executor:Executing jobs using 'parallel' executor
[0.454s] DEBUG:colcon.colcon_parallel_executor.executor.parallel:run_until_complete
[0.454s] INFO:colcon.colcon_ros.task.ament_python.build:Building ROS package in '/home/marcel/ros2_ws/src/safety_controller' with build type 'ament_python'
[0.454s] Level 1:colcon.colcon_core.shell:create_environment_hook('safety_controller', 'ament_prefix_path')
[0.457s] INFO:colcon.colcon_core.plugin_system:Skipping extension 'colcon_core.shell.bat': Not used on non-Windows systems
[0.457s] INFO:colcon.colcon_core.shell:Creating environment hook '/home/marcel/ros2_ws/src/safety_controller/install/safety_controller/share/safety_controller/hook/ament_prefix_path.ps1'
[0.458s] INFO:colcon.colcon_core.shell:Creating environment descriptor '/home/marcel/ros2_ws/src/safety_controller/install/safety_controller/share/safety_controller/hook/ament_prefix_path.dsv'
[0.458s] INFO:colcon.colcon_core.shell:Creating environment hook '/home/marcel/ros2_ws/src/safety_controller/install/safety_controller/share/safety_controller/hook/ament_prefix_path.sh'
[0.459s] INFO:colcon.colcon_core.shell:Skip shell extension 'powershell' for command environment: Not usable outside of PowerShell
[0.459s] DEBUG:colcon.colcon_core.shell:Skip shell extension 'dsv' for command environment
[0.810s] INFO:colcon.colcon_core.task.python.build:Building Python package in '/home/marcel/ros2_ws/src/safety_controller'
[0.810s] INFO:colcon.colcon_core.shell:Skip shell extension 'powershell' for command environment: Not usable outside of PowerShell
[0.810s] DEBUG:colcon.colcon_core.shell:Skip shell extension 'dsv' for command environment
[1.346s] DEBUG:colcon.colcon_core.event_handler.log_command:Invoking command in '/home/marcel/ros2_ws/src/safety_controller/build/safety_controller': PYTHONPATH=/home/marcel/ros2_ws/src/safety_controller/build/safety_controller/prefix_override:/home/marcel/ros2_ws/src/safety_controller/install/safety_controller/lib/python3.10/site-packages:${PYTHONPATH} /usr/bin/python3 -W ignore:setup.py install is deprecated setup.py develop --editable --build-directory /home/marcel/ros2_ws/src/safety_controller/build/safety_controller/build --no-deps symlink_data
[2.019s] Level 1:colcon.colcon_core.shell:create_environment_hook('safety_controller', 'pythonpath_develop')
[2.020s] INFO:colcon.colcon_core.shell:Creating environment hook '/home/marcel/ros2_ws/src/safety_controller/build/safety_controller/share/safety_controller/hook/pythonpath_develop.ps1'
[2.020s] DEBUG:colcon.colcon_core.event_handler.log_command:Invoked command in '/home/marcel/ros2_ws/src/safety_controller/build/safety_controller' returned '0': PYTHONPATH=/home/marcel/ros2_ws/src/safety_controller/build/safety_controller/prefix_override:/home/marcel/ros2_ws/src/safety_controller/install/safety_controller/lib/python3.10/site-packages:${PYTHONPATH} /usr/bin/python3 -W ignore:setup.py install is deprecated setup.py develop --editable --build-directory /home/marcel/ros2_ws/src/safety_controller/build/safety_controller/build --no-deps symlink_data
[2.021s] INFO:colcon.colcon_core.shell:Creating environment descriptor '/home/marcel/ros2_ws/src/safety_controller/build/safety_controller/share/safety_controller/hook/pythonpath_develop.dsv'
[2.021s] INFO:colcon.colcon_core.shell:Creating environment hook '/home/marcel/ros2_ws/src/safety_controller/build/safety_controller/share/safety_controller/hook/pythonpath_develop.sh'
[2.025s] Level 1:colcon.colcon_core.environment:checking '/home/marcel/ros2_ws/src/safety_controller/install/safety_controller' for CMake module files
[2.025s] Level 1:colcon.colcon_core.environment:checking '/home/marcel/ros2_ws/src/safety_controller/install/safety_controller' for CMake config files
[2.026s] Level 1:colcon.colcon_core.environment:checking '/home/marcel/ros2_ws/src/safety_controller/install/safety_controller/lib'
[2.026s] Level 1:colcon.colcon_core.environment:checking '/home/marcel/ros2_ws/src/safety_controller/install/safety_controller/bin'
[2.026s] Level 1:colcon.colcon_core.environment:checking '/home/marcel/ros2_ws/src/safety_controller/install/safety_controller/lib/pkgconfig/safety_controller.pc'
[2.027s] Level 1:colcon.colcon_core.environment:checking '/home/marcel/ros2_ws/src/safety_controller/install/safety_controller/lib/python3.10/site-packages'
[2.027s] Level 1:colcon.colcon_core.shell:create_environment_hook('safety_controller', 'pythonpath')
[2.027s] INFO:colcon.colcon_core.shell:Creating environment hook '/home/marcel/ros2_ws/src/safety_controller/install/safety_controller/share/safety_controller/hook/pythonpath.ps1'
[2.027s] INFO:colcon.colcon_core.shell:Creating environment descriptor '/home/marcel/ros2_ws/src/safety_controller/install/safety_controller/share/safety_controller/hook/pythonpath.dsv'
[2.028s] INFO:colcon.colcon_core.shell:Creating environment hook '/home/marcel/ros2_ws/src/safety_controller/install/safety_controller/share/safety_controller/hook/pythonpath.sh'
[2.028s] Level 1:colcon.colcon_core.environment:checking '/home/marcel/ros2_ws/src/safety_controller/install/safety_controller/bin'
[2.028s] Level 1:colcon.colcon_core.environment:create_environment_scripts_only(safety_controller)
[2.029s] INFO:colcon.colcon_core.shell:Creating package script '/home/marcel/ros2_ws/src/safety_controller/install/safety_controller/share/safety_controller/package.ps1'
[2.030s] INFO:colcon.colcon_core.shell:Creating package descriptor '/home/marcel/ros2_ws/src/safety_controller/install/safety_controller/share/safety_controller/package.dsv'
[2.031s] INFO:colcon.colcon_core.shell:Creating package script '/home/marcel/ros2_ws/src/safety_controller/install/safety_controller/share/safety_controller/package.sh'
[2.031s] INFO:colcon.colcon_core.shell:Creating package script '/home/marcel/ros2_ws/src/safety_controller/install/safety_controller/share/safety_controller/package.bash'
[2.032s] INFO:colcon.colcon_core.shell:Creating package script '/home/marcel/ros2_ws/src/safety_controller/install/safety_controller/share/safety_controller/package.zsh'
[2.033s] Level 1:colcon.colcon_core.environment:create_file_with_runtime_dependencies(/home/marcel/ros2_ws/src/safety_controller/install/safety_controller/share/colcon-core/packages/safety_controller)
[2.033s] DEBUG:colcon.colcon_parallel_executor.executor.parallel:closing loop
[2.034s] DEBUG:colcon.colcon_parallel_executor.executor.parallel:loop closed
[2.034s] DEBUG:colcon.colcon_parallel_executor.executor.parallel:run_until_complete finished with '0'
[2.034s] DEBUG:colcon.colcon_core.event_reactor:joining thread
[2.040s] INFO:colcon.colcon_core.plugin_system:Skipping extension 'colcon_notification.desktop_notification.terminal_notifier': Not used on non-Darwin systems
[2.041s] INFO:colcon.colcon_core.plugin_system:Skipping extension 'colcon_notification.desktop_notification.win32': Not used on non-Windows systems
[2.041s] INFO:colcon.colcon_notification.desktop_notification:Sending desktop notification using 'notify2'
[2.538s] DEBUG:colcon.colcon_core.event_reactor:joined thread
[2.538s] INFO:colcon.colcon_core.shell:Creating prefix script '/home/marcel/ros2_ws/src/safety_controller/install/local_setup.ps1'
[2.540s] INFO:colcon.colcon_core.shell:Creating prefix util module '/home/marcel/ros2_ws/src/safety_controller/install/_local_setup_util_ps1.py'
[2.542s] INFO:colcon.colcon_core.shell:Creating prefix chain script '/home/marcel/ros2_ws/src/safety_controller/install/setup.ps1'
[2.544s] INFO:colcon.colcon_core.shell:Creating prefix script '/home/marcel/ros2_ws/src/safety_controller/install/local_setup.sh'
[2.545s] INFO:colcon.colcon_core.shell:Creating prefix util module '/home/marcel/ros2_ws/src/safety_controller/install/_local_setup_util_sh.py'
[2.546s] INFO:colcon.colcon_core.shell:Creating prefix chain script '/home/marcel/ros2_ws/src/safety_controller/install/setup.sh'
[2.547s] INFO:colcon.colcon_core.shell:Creating prefix script '/home/marcel/ros2_ws/src/safety_controller/install/local_setup.bash'
[2.548s] INFO:colcon.colcon_core.shell:Creating prefix chain script '/home/marcel/ros2_ws/src/safety_controller/install/setup.bash'
[2.550s] INFO:colcon.colcon_core.shell:Creating prefix script '/home/marcel/ros2_ws/src/safety_controller/install/local_setup.zsh'
[2.551s] INFO:colcon.colcon_core.shell:Creating prefix chain script '/home/marcel/ros2_ws/src/safety_controller/install/setup.zsh'
