[0.380s] DEBUG:colcon:Command line arguments: ['/usr/bin/colcon', 'build', '--symlink-install']
[0.380s] DEBUG:colcon:Parsed command line arguments: Namespace(log_base=None, log_level=None, verb_name='build', build_base='build', install_base='install', merge_install=False, symlink_install=True, test_result_base=None, continue_on_error=False, executor='parallel', parallel_workers=8, event_handlers=None, ignore_user_meta=False, metas=['./colcon.meta'], base_paths=['.'], packages_ignore=None, packages_ignore_regex=None, paths=None, packages_up_to=None, packages_up_to_regex=None, packages_above=None, packages_above_and_dependencies=None, packages_above_depth=None, packages_select_by_dep=None, packages_skip_by_dep=None, packages_skip_up_to=None, packages_select_build_failed=False, packages_skip_build_finished=False, packages_select_test_failures=False, packages_skip_test_passed=False, packages_select=None, packages_skip=None, packages_select_regex=None, packages_skip_regex=None, packages_start=None, packages_end=None, allow_overriding=[], cmake_args=None, cmake_target=None, cmake_target_skip_unavailable=False, cmake_clean_cache=False, cmake_clean_first=False, cmake_force_configure=False, ament_cmake_args=None, catkin_cmake_args=None, catkin_skip_building_tests=False, mixin_files=None, mixin=None, verb_parser=<colcon_mixin.mixin.mixin_argument.MixinArgumentDecorator object at 0x7faf3515dc00>, verb_extension=<colcon_core.verb.build.BuildVerb object at 0x7faf3515d630>, main=<bound method BuildVerb.main of <colcon_core.verb.build.BuildVerb object at 0x7faf3515d630>>, mixin_verb=('build',))
[0.991s] Level 1:colcon.colcon_core.package_discovery:discover_packages(colcon_meta) check parameters
[0.992s] Level 1:colcon.colcon_core.package_discovery:discover_packages(recursive) check parameters
[0.992s] Level 1:colcon.colcon_core.package_discovery:discover_packages(ignore) check parameters
[0.992s] Level 1:colcon.colcon_core.package_discovery:discover_packages(path) check parameters
[0.992s] Level 1:colcon.colcon_core.package_discovery:discover_packages(colcon_meta) discover
[0.992s] Level 1:colcon.colcon_core.package_discovery:discover_packages(recursive) discover
[0.992s] INFO:colcon.colcon_core.package_discovery:Crawling recursively for packages in '/home/marcel/ros2_ws/src/safety_controller'
[0.992s] Level 1:colcon.colcon_core.package_identification:_identify(.) by extensions ['ignore', 'ignore_ament_install']
[0.993s] Level 1:colcon.colcon_core.package_identification:_identify(.) by extension 'ignore'
[0.993s] Level 1:colcon.colcon_core.package_identification:_identify(.) by extension 'ignore_ament_install'
[0.993s] Level 1:colcon.colcon_core.package_identification:_identify(.) by extensions ['colcon_pkg']
[0.993s] Level 1:colcon.colcon_core.package_identification:_identify(.) by extension 'colcon_pkg'
[0.993s] Level 1:colcon.colcon_core.package_identification:_identify(.) by extensions ['colcon_meta']
[0.993s] Level 1:colcon.colcon_core.package_identification:_identify(.) by extension 'colcon_meta'
[0.993s] Level 1:colcon.colcon_core.package_identification:_identify(.) by extensions ['ros']
[0.993s] Level 1:colcon.colcon_core.package_identification:_identify(.) by extension 'ros'
[1.039s] DEBUG:colcon.colcon_core.package_identification:Package '.' with type 'ros.ament_python' and name 'safety_controller'
[1.039s] Level 1:colcon.colcon_core.package_discovery:discover_packages(recursive) using defaults
[1.039s] Level 1:colcon.colcon_core.package_discovery:discover_packages(ignore) discover
[1.039s] Level 1:colcon.colcon_core.package_discovery:discover_packages(ignore) using defaults
[1.039s] Level 1:colcon.colcon_core.package_discovery:discover_packages(path) discover
[1.040s] Level 1:colcon.colcon_core.package_discovery:discover_packages(path) using defaults
[1.140s] Level 1:colcon.colcon_core.package_discovery:discover_packages(prefix_path) check parameters
[1.141s] Level 1:colcon.colcon_core.package_discovery:discover_packages(prefix_path) discover
[1.150s] DEBUG:colcon.colcon_installed_package_information.package_discovery:Found 14 installed packages in /home/marcel/ros2_ws/install
[1.153s] DEBUG:colcon.colcon_installed_package_information.package_discovery:Found 291 installed packages in /opt/ros/humble
[1.160s] Level 1:colcon.colcon_core.package_discovery:discover_packages(prefix_path) using defaults
[1.284s] Level 5:colcon.colcon_core.verb:set package 'safety_controller' build argument 'cmake_args' from command line to 'None'
[1.284s] Level 5:colcon.colcon_core.verb:set package 'safety_controller' build argument 'cmake_target' from command line to 'None'
[1.284s] Level 5:colcon.colcon_core.verb:set package 'safety_controller' build argument 'cmake_target_skip_unavailable' from command line to 'False'
[1.284s] Level 5:colcon.colcon_core.verb:set package 'safety_controller' build argument 'cmake_clean_cache' from command line to 'False'
[1.284s] Level 5:colcon.colcon_core.verb:set package 'safety_controller' build argument 'cmake_clean_first' from command line to 'False'
[1.284s] Level 5:colcon.colcon_core.verb:set package 'safety_controller' build argument 'cmake_force_configure' from command line to 'False'
[1.284s] Level 5:colcon.colcon_core.verb:set package 'safety_controller' build argument 'ament_cmake_args' from command line to 'None'
[1.284s] Level 5:colcon.colcon_core.verb:set package 'safety_controller' build argument 'catkin_cmake_args' from command line to 'None'
[1.284s] Level 5:colcon.colcon_core.verb:set package 'safety_controller' build argument 'catkin_skip_building_tests' from command line to 'False'
[1.284s] DEBUG:colcon.colcon_core.verb:Building package 'safety_controller' with the following arguments: {'ament_cmake_args': None, 'build_base': '/home/marcel/ros2_ws/src/safety_controller/build/safety_controller', 'catkin_cmake_args': None, 'catkin_skip_building_tests': False, 'cmake_args': None, 'cmake_clean_cache': False, 'cmake_clean_first': False, 'cmake_force_configure': False, 'cmake_target': None, 'cmake_target_skip_unavailable': False, 'install_base': '/home/marcel/ros2_ws/src/safety_controller/install/safety_controller', 'merge_install': False, 'path': '/home/marcel/ros2_ws/src/safety_controller', 'symlink_install': True, 'test_result_base': None}
[1.284s] INFO:colcon.colcon_core.executor:Executing jobs using 'parallel' executor
[1.287s] DEBUG:colcon.colcon_parallel_executor.executor.parallel:run_until_complete
[1.289s] INFO:colcon.colcon_ros.task.ament_python.build:Building ROS package in '/home/marcel/ros2_ws/src/safety_controller' with build type 'ament_python'
[1.290s] Level 1:colcon.colcon_core.shell:create_environment_hook('safety_controller', 'ament_prefix_path')
[1.296s] INFO:colcon.colcon_core.plugin_system:Skipping extension 'colcon_core.shell.bat': Not used on non-Windows systems
[1.296s] INFO:colcon.colcon_core.shell:Creating environment hook '/home/marcel/ros2_ws/src/safety_controller/install/safety_controller/share/safety_controller/hook/ament_prefix_path.ps1'
[1.297s] INFO:colcon.colcon_core.shell:Creating environment descriptor '/home/marcel/ros2_ws/src/safety_controller/install/safety_controller/share/safety_controller/hook/ament_prefix_path.dsv'
[1.298s] INFO:colcon.colcon_core.shell:Creating environment hook '/home/marcel/ros2_ws/src/safety_controller/install/safety_controller/share/safety_controller/hook/ament_prefix_path.sh'
[1.299s] INFO:colcon.colcon_core.shell:Skip shell extension 'powershell' for command environment: Not usable outside of PowerShell
[1.299s] DEBUG:colcon.colcon_core.shell:Skip shell extension 'dsv' for command environment
[2.255s] INFO:colcon.colcon_core.task.python.build:Building Python package in '/home/marcel/ros2_ws/src/safety_controller'
[2.256s] INFO:colcon.colcon_core.shell:Skip shell extension 'powershell' for command environment: Not usable outside of PowerShell
[2.256s] DEBUG:colcon.colcon_core.shell:Skip shell extension 'dsv' for command environment
[3.686s] DEBUG:colcon.colcon_core.event_handler.log_command:Invoking command in '/home/marcel/ros2_ws/src/safety_controller/build/safety_controller': PYTHONPATH=/home/marcel/ros2_ws/src/safety_controller/build/safety_controller/prefix_override:/home/marcel/ros2_ws/src/safety_controller/install/safety_controller/lib/python3.10/site-packages:${PYTHONPATH} /usr/bin/python3 -W ignore:setup.py install is deprecated setup.py develop --editable --build-directory /home/marcel/ros2_ws/src/safety_controller/build/safety_controller/build --no-deps symlink_data
[5.745s] Level 1:colcon.colcon_core.shell:create_environment_hook('safety_controller', 'pythonpath_develop')
[5.746s] INFO:colcon.colcon_core.shell:Creating environment hook '/home/marcel/ros2_ws/src/safety_controller/build/safety_controller/share/safety_controller/hook/pythonpath_develop.ps1'
[5.747s] DEBUG:colcon.colcon_core.event_handler.log_command:Invoked command in '/home/marcel/ros2_ws/src/safety_controller/build/safety_controller' returned '0': PYTHONPATH=/home/marcel/ros2_ws/src/safety_controller/build/safety_controller/prefix_override:/home/marcel/ros2_ws/src/safety_controller/install/safety_controller/lib/python3.10/site-packages:${PYTHONPATH} /usr/bin/python3 -W ignore:setup.py install is deprecated setup.py develop --editable --build-directory /home/marcel/ros2_ws/src/safety_controller/build/safety_controller/build --no-deps symlink_data
[5.748s] INFO:colcon.colcon_core.shell:Creating environment descriptor '/home/marcel/ros2_ws/src/safety_controller/build/safety_controller/share/safety_controller/hook/pythonpath_develop.dsv'
[5.751s] INFO:colcon.colcon_core.shell:Creating environment hook '/home/marcel/ros2_ws/src/safety_controller/build/safety_controller/share/safety_controller/hook/pythonpath_develop.sh'
[5.760s] Level 1:colcon.colcon_core.environment:checking '/home/marcel/ros2_ws/src/safety_controller/install/safety_controller' for CMake module files
[5.761s] Level 1:colcon.colcon_core.environment:checking '/home/marcel/ros2_ws/src/safety_controller/install/safety_controller' for CMake config files
[5.763s] Level 1:colcon.colcon_core.environment:checking '/home/marcel/ros2_ws/src/safety_controller/install/safety_controller/lib'
[5.763s] Level 1:colcon.colcon_core.environment:checking '/home/marcel/ros2_ws/src/safety_controller/install/safety_controller/bin'
[5.763s] Level 1:colcon.colcon_core.environment:checking '/home/marcel/ros2_ws/src/safety_controller/install/safety_controller/lib/pkgconfig/safety_controller.pc'
[5.763s] Level 1:colcon.colcon_core.environment:checking '/home/marcel/ros2_ws/src/safety_controller/install/safety_controller/lib/python3.10/site-packages'
[5.764s] Level 1:colcon.colcon_core.shell:create_environment_hook('safety_controller', 'pythonpath')
[5.764s] INFO:colcon.colcon_core.shell:Creating environment hook '/home/marcel/ros2_ws/src/safety_controller/install/safety_controller/share/safety_controller/hook/pythonpath.ps1'
[5.765s] INFO:colcon.colcon_core.shell:Creating environment descriptor '/home/marcel/ros2_ws/src/safety_controller/install/safety_controller/share/safety_controller/hook/pythonpath.dsv'
[5.767s] INFO:colcon.colcon_core.shell:Creating environment hook '/home/marcel/ros2_ws/src/safety_controller/install/safety_controller/share/safety_controller/hook/pythonpath.sh'
[5.770s] Level 1:colcon.colcon_core.environment:checking '/home/marcel/ros2_ws/src/safety_controller/install/safety_controller/bin'
[5.770s] Level 1:colcon.colcon_core.environment:create_environment_scripts_only(safety_controller)
[5.771s] INFO:colcon.colcon_core.shell:Creating package script '/home/marcel/ros2_ws/src/safety_controller/install/safety_controller/share/safety_controller/package.ps1'
[5.773s] INFO:colcon.colcon_core.shell:Creating package descriptor '/home/marcel/ros2_ws/src/safety_controller/install/safety_controller/share/safety_controller/package.dsv'
[5.774s] INFO:colcon.colcon_core.shell:Creating package script '/home/marcel/ros2_ws/src/safety_controller/install/safety_controller/share/safety_controller/package.sh'
[5.776s] INFO:colcon.colcon_core.shell:Creating package script '/home/marcel/ros2_ws/src/safety_controller/install/safety_controller/share/safety_controller/package.bash'
[5.778s] INFO:colcon.colcon_core.shell:Creating package script '/home/marcel/ros2_ws/src/safety_controller/install/safety_controller/share/safety_controller/package.zsh'
[5.779s] Level 1:colcon.colcon_core.environment:create_file_with_runtime_dependencies(/home/marcel/ros2_ws/src/safety_controller/install/safety_controller/share/colcon-core/packages/safety_controller)
[5.780s] DEBUG:colcon.colcon_parallel_executor.executor.parallel:closing loop
[5.780s] DEBUG:colcon.colcon_parallel_executor.executor.parallel:loop closed
[5.781s] DEBUG:colcon.colcon_parallel_executor.executor.parallel:run_until_complete finished with '0'
[5.781s] DEBUG:colcon.colcon_core.event_reactor:joining thread
[5.805s] INFO:colcon.colcon_core.plugin_system:Skipping extension 'colcon_notification.desktop_notification.terminal_notifier': Not used on non-Darwin systems
[5.805s] INFO:colcon.colcon_core.plugin_system:Skipping extension 'colcon_notification.desktop_notification.win32': Not used on non-Windows systems
[5.805s] INFO:colcon.colcon_notification.desktop_notification:Sending desktop notification using 'notify2'
[5.838s] DEBUG:colcon.colcon_core.event_reactor:joined thread
[5.839s] INFO:colcon.colcon_core.shell:Creating prefix script '/home/marcel/ros2_ws/src/safety_controller/install/local_setup.ps1'
[5.841s] INFO:colcon.colcon_core.shell:Creating prefix util module '/home/marcel/ros2_ws/src/safety_controller/install/_local_setup_util_ps1.py'
[5.849s] INFO:colcon.colcon_core.shell:Creating prefix chain script '/home/marcel/ros2_ws/src/safety_controller/install/setup.ps1'
[5.856s] INFO:colcon.colcon_core.shell:Creating prefix script '/home/marcel/ros2_ws/src/safety_controller/install/local_setup.sh'
[5.858s] INFO:colcon.colcon_core.shell:Creating prefix util module '/home/marcel/ros2_ws/src/safety_controller/install/_local_setup_util_sh.py'
[5.859s] INFO:colcon.colcon_core.shell:Creating prefix chain script '/home/marcel/ros2_ws/src/safety_controller/install/setup.sh'
[5.867s] INFO:colcon.colcon_core.shell:Creating prefix script '/home/marcel/ros2_ws/src/safety_controller/install/local_setup.bash'
[5.869s] INFO:colcon.colcon_core.shell:Creating prefix chain script '/home/marcel/ros2_ws/src/safety_controller/install/setup.bash'
[5.873s] INFO:colcon.colcon_core.shell:Creating prefix script '/home/marcel/ros2_ws/src/safety_controller/install/local_setup.zsh'
[5.873s] INFO:colcon.colcon_core.shell:Creating prefix chain script '/home/marcel/ros2_ws/src/safety_controller/install/setup.zsh'
