running develop
running egg_info
creating safety_controller.egg-info
writing safety_controller.egg-info/PKG-INFO
writing dependency_links to safety_controller.egg-info/dependency_links.txt
writing entry points to safety_controller.egg-info/entry_points.txt
writing requirements to safety_controller.egg-info/requires.txt
writing top-level names to safety_controller.egg-info/top_level.txt
writing manifest file 'safety_controller.egg-info/SOURCES.txt'
reading manifest file 'safety_controller.egg-info/SOURCES.txt'
writing manifest file 'safety_controller.egg-info/SOURCES.txt'
running build_ext
Creating /home/marcel/ros2_ws/src/safety_controller/install/safety_controller/lib/python3.10/site-packages/safety-controller.egg-link (link to .)
Installing state_node script to /home/marcel/ros2_ws/src/safety_controller/install/safety_controller/lib/safety_controller

Installed /home/marcel/ros2_ws/src/safety_controller/build/safety_controller
running symlink_data
creating /home/marcel/ros2_ws/src/safety_controller/install/safety_controller/share/ament_index
creating /home/marcel/ros2_ws/src/safety_controller/install/safety_controller/share/ament_index/resource_index
creating /home/marcel/ros2_ws/src/safety_controller/install/safety_controller/share/ament_index/resource_index/packages
symbolically linking /home/marcel/ros2_ws/src/safety_controller/build/safety_controller/resource/safety_controller -> /home/marcel/ros2_ws/src/safety_controller/install/safety_controller/share/ament_index/resource_index/packages
symbolically linking /home/marcel/ros2_ws/src/safety_controller/build/safety_controller/package.xml -> /home/marcel/ros2_ws/src/safety_controller/install/safety_controller/share/safety_controller
