[0.891s] Invoking command in '/home/marcel/ros2_ws/src/safety_controller/build/safety_controller': PYTHONPATH=/home/marcel/ros2_ws/src/safety_controller/build/safety_controller/prefix_override:/home/marcel/ros2_ws/src/safety_controller/install/safety_controller/lib/python3.10/site-packages:${PYTHONPATH} /usr/bin/python3 -W ignore:setup.py install is deprecated setup.py develop --editable --build-directory /home/marcel/ros2_ws/src/safety_controller/build/safety_controller/build --no-deps symlink_data
[1.244s] running develop
[1.244s] /usr/lib/python3/dist-packages/setuptools/command/easy_install.py:158: EasyInstallDeprecationWarning: easy_install command is deprecated. Use build and pip and other standards-based tools.
[1.244s]   warnings.warn(
[1.325s] /usr/lib/python3/dist-packages/pkg_resources/__init__.py:116: PkgResourcesDeprecationWarning: 1.12.1-git20200711.33e2d80-dfsg1-0.6 is an invalid version and will not be supported in a future release
[1.325s]   warnings.warn(
[1.484s] running egg_info
[1.484s] creating safety_controller.egg-info
[1.484s] writing safety_controller.egg-info/PKG-INFO
[1.485s] writing dependency_links to safety_controller.egg-info/dependency_links.txt
[1.485s] writing entry points to safety_controller.egg-info/entry_points.txt
[1.485s] writing requirements to safety_controller.egg-info/requires.txt
[1.485s] writing top-level names to safety_controller.egg-info/top_level.txt
[1.485s] writing manifest file 'safety_controller.egg-info/SOURCES.txt'
[1.486s] reading manifest file 'safety_controller.egg-info/SOURCES.txt'
[1.487s] writing manifest file 'safety_controller.egg-info/SOURCES.txt'
[1.524s] running build_ext
[1.524s] Creating /home/marcel/ros2_ws/src/safety_controller/install/safety_controller/lib/python3.10/site-packages/safety-controller.egg-link (link to .)
[1.525s] Installing state_node script to /home/marcel/ros2_ws/src/safety_controller/install/safety_controller/lib/safety_controller
[1.525s] 
[1.525s] Installed /home/marcel/ros2_ws/src/safety_controller/build/safety_controller
[1.525s] running symlink_data
[1.526s] creating /home/marcel/ros2_ws/src/safety_controller/install/safety_controller/share/ament_index
[1.526s] creating /home/marcel/ros2_ws/src/safety_controller/install/safety_controller/share/ament_index/resource_index
[1.526s] creating /home/marcel/ros2_ws/src/safety_controller/install/safety_controller/share/ament_index/resource_index/packages
[1.526s] symbolically linking /home/marcel/ros2_ws/src/safety_controller/build/safety_controller/resource/safety_controller -> /home/marcel/ros2_ws/src/safety_controller/install/safety_controller/share/ament_index/resource_index/packages
[1.526s] symbolically linking /home/marcel/ros2_ws/src/safety_controller/build/safety_controller/package.xml -> /home/marcel/ros2_ws/src/safety_controller/install/safety_controller/share/safety_controller
[1.565s] Invoked command in '/home/marcel/ros2_ws/src/safety_controller/build/safety_controller' returned '0': PYTHONPATH=/home/marcel/ros2_ws/src/safety_controller/build/safety_controller/prefix_override:/home/marcel/ros2_ws/src/safety_controller/install/safety_controller/lib/python3.10/site-packages:${PYTHONPATH} /usr/bin/python3 -W ignore:setup.py install is deprecated setup.py develop --editable --build-directory /home/marcel/ros2_ws/src/safety_controller/build/safety_controller/build --no-deps symlink_data
