[2.394s] Invoking command in '/home/marcel/ros2_ws/src/safety_controller/build/safety_controller': PYTHONPATH=/home/marcel/ros2_ws/src/safety_controller/build/safety_controller/prefix_override:/home/marcel/ros2_ws/src/safety_controller/install/safety_controller/lib/python3.10/site-packages:${PYTHONPATH} /usr/bin/python3 -W ignore:setup.py install is deprecated setup.py develop --editable --build-directory /home/marcel/ros2_ws/src/safety_controller/build/safety_controller/build --no-deps symlink_data
[3.406s] running develop
[3.406s] /usr/lib/python3/dist-packages/setuptools/command/easy_install.py:158: EasyInstallDeprecationWarning: easy_install command is deprecated. Use build and pip and other standards-based tools.
[3.407s]   warnings.warn(
[3.671s] /usr/lib/python3/dist-packages/pkg_resources/__init__.py:116: PkgResourcesDeprecationWarning: 1.12.1-git20200711.33e2d80-dfsg1-0.6 is an invalid version and will not be supported in a future release
[3.672s]   warnings.warn(
[4.192s] running egg_info
[4.193s] writing safety_controller.egg-info/PKG-INFO
[4.193s] writing dependency_links to safety_controller.egg-info/dependency_links.txt
[4.193s] writing entry points to safety_controller.egg-info/entry_points.txt
[4.194s] writing requirements to safety_controller.egg-info/requires.txt
[4.194s] writing top-level names to safety_controller.egg-info/top_level.txt
[4.198s] reading manifest file 'safety_controller.egg-info/SOURCES.txt'
[4.202s] writing manifest file 'safety_controller.egg-info/SOURCES.txt'
[4.318s] running build_ext
[4.319s] Creating /home/marcel/ros2_ws/src/safety_controller/install/safety_controller/lib/python3.10/site-packages/safety-controller.egg-link (link to .)
[4.320s] Installing state_node script to /home/marcel/ros2_ws/src/safety_controller/install/safety_controller/lib/safety_controller
[4.321s] 
[4.321s] Installed /home/marcel/ros2_ws/src/safety_controller/build/safety_controller
[4.322s] running symlink_data
[4.455s] Invoked command in '/home/marcel/ros2_ws/src/safety_controller/build/safety_controller' returned '0': PYTHONPATH=/home/marcel/ros2_ws/src/safety_controller/build/safety_controller/prefix_override:/home/marcel/ros2_ws/src/safety_controller/install/safety_controller/lib/python3.10/site-packages:${PYTHONPATH} /usr/bin/python3 -W ignore:setup.py install is deprecated setup.py develop --editable --build-directory /home/marcel/ros2_ws/src/safety_controller/build/safety_controller/build --no-deps symlink_data
